<?xml version="1.0" encoding="UTF-8"?>
<!-- Generated by org.testng.reporters.JUnitXMLReporter -->
<testsuite ignored="0" hostname="Shaikshavali" failures="0" tests="3" name="Test" time="20.825" errors="0" timestamp="2023-12-12T14:11:10 IST">
  <testcase classname="com.testng.TestDemo" name="runtest" time="3.649"/>
  <testcase classname="com.testng.Checkboxes" name="testRun" time="1.142"/>
  <testcase classname="com.testng.SSLCertificateprogram" name="run" time="1.684"/>
</testsuite> <!-- Test -->
