<?xml version="1.0" encoding="UTF-8"?>
<testng-results ignored="0" total="1" passed="1" failed="0" skipped="0">
  <reporter-output>
  </reporter-output>
  <suite started-at="2024-02-20T15:08:44 IST" name="Surefire suite" finished-at="2024-02-20T15:08:54 IST" duration-ms="9712">
    <groups>
    </groups>
    <test started-at="2024-02-20T15:08:44 IST" name="Surefire test" finished-at="2024-02-20T15:08:54 IST" duration-ms="9712">
      <class name="com.testng.TestDemo">
        <test-method is-config="true" signature="lauch()[pri:0, instance:com.testng.TestDemo@3246fb96]" started-at="2024-02-20T15:08:44 IST" name="lauch" finished-at="2024-02-20T15:08:49 IST" duration-ms="4131" status="PASS">
          <reporter-output>
          </reporter-output>
        </test-method> <!-- lauch -->
        <test-method signature="runtest()[pri:0, instance:com.testng.TestDemo@3246fb96]" started-at="2024-02-20T15:08:49 IST" name="runtest" finished-at="2024-02-20T15:08:54 IST" duration-ms="5293" status="PASS">
          <reporter-output>
          </reporter-output>
        </test-method> <!-- runtest -->
        <test-method is-config="true" signature="teardown()[pri:0, instance:com.testng.TestDemo@3246fb96]" started-at="2024-02-20T15:08:54 IST" name="teardown" finished-at="2024-02-20T15:08:54 IST" duration-ms="223" status="PASS">
          <reporter-output>
          </reporter-output>
        </test-method> <!-- teardown -->
      </class> <!-- com.testng.TestDemo -->
    </test> <!-- Surefire test -->
  </suite> <!-- Surefire suite -->
</testng-results>
