<?xml version="1.0" encoding="UTF-8"?>
<testng-results ignored="0" total="1" passed="1" failed="0" skipped="0">
  <reporter-output>
  </reporter-output>
  <suite started-at="2024-03-28T16:35:24 IST" name="Default suite" finished-at="2024-03-28T16:35:28 IST" duration-ms="4022">
    <groups>
    </groups>
    <test started-at="2024-03-28T16:35:24 IST" name="Default test" finished-at="2024-03-28T16:35:28 IST" duration-ms="4022">
      <class name="com.sele.Githubtest">
        <test-method signature="test1()[pri:0, instance:com.sele.Githubtest@957e06]" started-at="2024-03-28T16:35:24 IST" name="test1" finished-at="2024-03-28T16:35:28 IST" duration-ms="3994" status="PASS">
          <reporter-output>
          </reporter-output>
        </test-method> <!-- test1 -->
      </class> <!-- com.sele.Githubtest -->
    </test> <!-- Default test -->
  </suite> <!-- Default suite -->
</testng-results>
